
> frontend@0.0.0 dev
> vite


  VITE v7.3.1  ready in 193 ms

  ➜  Local:   http://localhost:5173/
  ➜  Network: use --host to expose
  ➜  press h + enter to show help

> frontend@0.0.0 dev
> vite


  VITE v7.3.1  ready in 168 ms

  ➜  Local:   http://localhost:5173/
  ➜  Network: use --host to expose
  ➜  press h + enter to show help
9:35:24 PM [vite] (client) hmr update /src/index.css
9:35:26 PM [vite] (client) hmr update /src/pages/DisposalLocationsPage.jsx
9:36:33 PM [vite] (client) hmr update /src/App.jsx
9:36:35 PM [vite] (client) hmr update /src/App.jsx
9:36:37 PM [vite] (client) hmr update /src/pages/DisposalLocationsPage.jsx
9:36:39 PM [vite] (client) hmr update /src/pages/DisposalLocationsPage.jsx

> frontend@0.0.0 dev
> vite

Port 5173 is in use, trying another one...

  VITE v7.3.1  ready in 120 ms

  ➜  Local:   http://localhost:5174/
  ➜  Network: use --host to expose
  ➜  press h + enter to show help
